<?xml version="1.0" encoding="utf-8"?><testsuites><testsuite name="pytest" errors="0" failures="0" skipped="0" tests="21" time="0.400" timestamp="2024-01-07T00:03:51.530417" hostname="fv-az1022-218"><testcase classname="tests.test_api.Api_Test" name="test_authenticate_failed" time="0.003" /><testcase classname="tests.test_api.Api_Test" name="test_authenticate_success" time="0.002" /><testcase classname="tests.test_api.Api_Test" name="test_complete_inverter_401" time="0.002" /><testcase classname="tests.test_api.Api_Test" name="test_complete_inverter_success" time="0.002" /><testcase classname="tests.test_api.Api_Test" name="test_convert_situation_status" time="0.001" /><testcase classname="tests.test_api.Api_Test" name="test_error500" time="0.002" /><testcase classname="tests.test_api.Api_Test" name="test_inverter_401" time="0.002" /><testcase classname="tests.test_api.Api_Test" name="test_inverter_success" time="0.002" /><testcase classname="tests.test_api.Api_Test" name="test_list_plants_1_success" time="0.002" /><testcase classname="tests.test_api.Api_Test" name="test_list_plants_2_success" time="0.002" /><testcase classname="tests.test_api.Api_Test" name="test_list_plants_401" time="0.002" /><testcase classname="tests.test_api.Api_Test" name="test_list_plants_none_success" time="0.002" /><testcase classname="tests.test_api.Api_Test" name="test_month_stats_401" time="0.003" /><testcase classname="tests.test_api.Api_Test" name="test_month_stats_fail" time="0.002" /><testcase classname="tests.test_api.Api_Test" name="test_month_stats_success" time="0.004" /><testcase classname="tests.test_api.Api_Test" name="test_plant_401" time="0.002" /><testcase classname="tests.test_api.Api_Test" name="test_plant_success" time="0.003" /><testcase classname="tests.test_api.Api_Test" name="test_separate_value_metric_comma" time="0.001" /><testcase classname="tests.test_api.Api_Test" name="test_separate_value_metric_dot" time="0.001" /><testcase classname="tests.test_api.Api_Test" name="test_separate_value_metric_none_int" time="0.001" /><testcase classname="tests.test_api.Api_Test" name="test_setters" time="0.001" /></testsuite></testsuites>